ec2-34-243-65-237.eu-west-1.compute.amazonaws.com | SUCCESS => {
    "ansible_facts": {
        "ansible_all_ipv4_addresses": [
            "10.5.1.96"
        ],
        "ansible_all_ipv6_addresses": [
            "fe80::410:ff:fe45:44b2"
        ],
        "ansible_apparmor": {
            "status": "disabled"
        },
        "ansible_architecture": "x86_64",
        "ansible_bios_date": "08/24/2006",
        "ansible_bios_version": "4.2.amazon",
        "ansible_cmdline": {
            "BOOT_IMAGE": "/boot/vmlinuz-4.14.173-137.229.amzn2.x86_64",
            "biosdevname": "0",
            "console": "ttyS0,115200n8",
            "net.ifnames": "0",
            "nvme_core.io_timeout": "4294967295",
            "rd.emergency": "poweroff",
            "rd.shell": "0",
            "ro": true,
            "root": "UUID=55da5202-8008-43e8-8ade-2572319d9185"
        },
        "ansible_date_time": {
            "date": "2020-05-25",
            "day": "25",
            "epoch": "1590389221",
            "hour": "06",
            "iso8601": "2020-05-25T06:47:01Z",
            "iso8601_basic": "20200525T064701258637",
            "iso8601_basic_short": "20200525T064701",
            "iso8601_micro": "2020-05-25T06:47:01.258722Z",
            "minute": "47",
            "month": "05",
            "second": "01",
            "time": "06:47:01",
            "tz": "UTC",
            "tz_offset": "+0000",
            "weekday": "Monday",
            "weekday_number": "1",
            "weeknumber": "21",
            "year": "2020"
        },
        "ansible_default_ipv4": {
            "address": "10.5.1.96",
            "alias": "eth0",
            "broadcast": "10.5.1.255",
            "gateway": "10.5.1.1",
            "interface": "eth0",
            "macaddress": "06:10:00:45:44:b2",
            "mtu": 9001,
            "netmask": "255.255.255.0",
            "network": "10.5.1.0",
            "type": "ether"
        },
        "ansible_default_ipv6": {},
        "ansible_device_links": {
            "ids": {},
            "labels": {
                "xvda1": [
                    "\\x2f"
                ]
            },
            "masters": {},
            "uuids": {
                "xvda1": [
                    "55da5202-8008-43e8-8ade-2572319d9185"
                ]
            }
        },
        "ansible_devices": {
            "xvda": {
                "holders": [],
                "host": "",
                "links": {
                    "ids": [],
                    "labels": [],
                    "masters": [],
                    "uuids": []
                },
                "model": null,
                "partitions": {
                    "xvda1": {
                        "holders": [],
                        "links": {
                            "ids": [],
                            "labels": [
                                "\\x2f"
                            ],
                            "masters": [],
                            "uuids": [
                                "55da5202-8008-43e8-8ade-2572319d9185"
                            ]
                        },
                        "sectors": "16773087",
                        "sectorsize": 512,
                        "size": "8.00 GB",
                        "start": "4096",
                        "uuid": "55da5202-8008-43e8-8ade-2572319d9185"
                    }
                },
                "removable": "0",
                "rotational": "0",
                "sas_address": null,
                "sas_device_handle": null,
                "scheduler_mode": "noop",
                "sectors": "16777216",
                "sectorsize": "512",
                "size": "8.00 GB",
                "support_discard": "0",
                "vendor": null,
                "virtual": 1
            }
        },
        "ansible_distribution": "Amazon",
        "ansible_distribution_file_parsed": true,
        "ansible_distribution_file_path": "/etc/system-release",
        "ansible_distribution_file_variety": "Amazon",
        "ansible_distribution_major_version": "2",
        "ansible_distribution_release": "NA",
        "ansible_distribution_version": "2",
        "ansible_dns": {
            "nameservers": [
                "10.5.0.2"
            ],
            "options": {
                "attempts": "5",
                "timeout": "2"
            },
            "search": [
                "eu-west-1.compute.internal"
            ]
        },
        "ansible_domain": "eu-west-1.compute.internal",
        "ansible_effective_group_id": 1000,
        "ansible_effective_user_id": 1000,
        "ansible_env": {
            "HOME": "/home/ec2-user",
            "LANG": "en_US.UTF-8",
            "LESSOPEN": "||/usr/bin/lesspipe.sh %s",
            "LOGNAME": "ec2-user",
            "MAIL": "/var/mail/ec2-user",
            "PATH": "/usr/local/bin:/usr/bin",
            "PWD": "/home/ec2-user",
            "SHELL": "/bin/bash",
            "SHLVL": "2",
            "SSH_CLIENT": "10.5.0.40 54920 22",
            "SSH_CONNECTION": "10.5.0.40 54920 10.5.1.96 22",
            "USER": "ec2-user",
            "XDG_RUNTIME_DIR": "/run/user/1000",
            "XDG_SESSION_ID": "1",
            "_": "/usr/bin/python"
        },
        "ansible_eth0": {
            "active": true,
            "device": "eth0",
            "features": {
                "esp_hw_offload": "off [fixed]",
                "esp_tx_csum_hw_offload": "off [fixed]",
                "fcoe_mtu": "off [fixed]",
                "generic_receive_offload": "on",
                "generic_segmentation_offload": "on",
                "highdma": "off [fixed]",
                "hw_tc_offload": "off [fixed]",
                "l2_fwd_offload": "off [fixed]",
                "large_receive_offload": "off [fixed]",
                "loopback": "off [fixed]",
                "netns_local": "off [fixed]",
                "ntuple_filters": "off [fixed]",
                "receive_hashing": "off [fixed]",
                "rx_all": "off [fixed]",
                "rx_checksumming": "on [fixed]",
                "rx_fcs": "off [fixed]",
                "rx_udp_tunnel_port_offload": "off [fixed]",
                "rx_vlan_filter": "off [fixed]",
                "rx_vlan_offload": "off [fixed]",
                "rx_vlan_stag_filter": "off [fixed]",
                "rx_vlan_stag_hw_parse": "off [fixed]",
                "scatter_gather": "on",
                "tcp_segmentation_offload": "on",
                "tx_checksum_fcoe_crc": "off [fixed]",
                "tx_checksum_ip_generic": "off [fixed]",
                "tx_checksum_ipv4": "on [fixed]",
                "tx_checksum_ipv6": "on",
                "tx_checksum_sctp": "off [fixed]",
                "tx_checksumming": "on",
                "tx_esp_segmentation": "off [fixed]",
                "tx_fcoe_segmentation": "off [fixed]",
                "tx_gre_csum_segmentation": "off [fixed]",
                "tx_gre_segmentation": "off [fixed]",
                "tx_gso_partial": "off [fixed]",
                "tx_gso_robust": "on [fixed]",
                "tx_ipxip4_segmentation": "off [fixed]",
                "tx_ipxip6_segmentation": "off [fixed]",
                "tx_lockless": "off [fixed]",
                "tx_nocache_copy": "off",
                "tx_scatter_gather": "on",
                "tx_scatter_gather_fraglist": "off [fixed]",
                "tx_sctp_segmentation": "off [fixed]",
                "tx_tcp6_segmentation": "on",
                "tx_tcp_ecn_segmentation": "off [fixed]",
                "tx_tcp_mangleid_segmentation": "off",
                "tx_tcp_segmentation": "on",
                "tx_udp_tnl_csum_segmentation": "off [fixed]",
                "tx_udp_tnl_segmentation": "off [fixed]",
                "tx_vlan_offload": "off [fixed]",
                "tx_vlan_stag_hw_insert": "off [fixed]",
                "udp_fragmentation_offload": "off",
                "vlan_challenged": "off [fixed]"
            },
            "hw_timestamp_filters": [],
            "ipv4": {
                "address": "10.5.1.96",
                "broadcast": "10.5.1.255",
                "netmask": "255.255.255.0",
                "network": "10.5.1.0"
            },
            "ipv6": [
                {
                    "address": "fe80::410:ff:fe45:44b2",
                    "prefix": "64",
                    "scope": "link"
                }
            ],
            "macaddress": "06:10:00:45:44:b2",
            "module": "xen_netfront",
            "mtu": 9001,
            "pciid": "vif-0",
            "promisc": false,
            "timestamping": [
                "rx_software",
                "software"
            ],
            "type": "ether"
        },
        "ansible_fibre_channel_wwn": [],
        "ansible_fips": false,
        "ansible_form_factor": "Other",
        "ansible_fqdn": "ip-10-5-1-96.eu-west-1.compute.internal",
        "ansible_hostname": "ip-10-5-1-96",
        "ansible_hostnqn": "",
        "ansible_interfaces": [
            "lo",
            "eth0"
        ],
        "ansible_is_chroot": true,
        "ansible_iscsi_iqn": "",
        "ansible_kernel": "4.14.173-137.229.amzn2.x86_64",
        "ansible_lo": {
            "active": true,
            "device": "lo",
            "features": {
                "esp_hw_offload": "off [fixed]",
                "esp_tx_csum_hw_offload": "off [fixed]",
                "fcoe_mtu": "off [fixed]",
                "generic_receive_offload": "on",
                "generic_segmentation_offload": "on",
                "highdma": "on [fixed]",
                "hw_tc_offload": "off [fixed]",
                "l2_fwd_offload": "off [fixed]",
                "large_receive_offload": "off [fixed]",
                "loopback": "on [fixed]",
                "netns_local": "on [fixed]",
                "ntuple_filters": "off [fixed]",
                "receive_hashing": "off [fixed]",
                "rx_all": "off [fixed]",
                "rx_checksumming": "on [fixed]",
                "rx_fcs": "off [fixed]",
                "rx_udp_tunnel_port_offload": "off [fixed]",
                "rx_vlan_filter": "off [fixed]",
                "rx_vlan_offload": "off [fixed]",
                "rx_vlan_stag_filter": "off [fixed]",
                "rx_vlan_stag_hw_parse": "off [fixed]",
                "scatter_gather": "on",
                "tcp_segmentation_offload": "on",
                "tx_checksum_fcoe_crc": "off [fixed]",
                "tx_checksum_ip_generic": "on [fixed]",
                "tx_checksum_ipv4": "off [fixed]",
                "tx_checksum_ipv6": "off [fixed]",
                "tx_checksum_sctp": "on [fixed]",
                "tx_checksumming": "on",
                "tx_esp_segmentation": "off [fixed]",
                "tx_fcoe_segmentation": "off [fixed]",
                "tx_gre_csum_segmentation": "off [fixed]",
                "tx_gre_segmentation": "off [fixed]",
                "tx_gso_partial": "off [fixed]",
                "tx_gso_robust": "off [fixed]",
                "tx_ipxip4_segmentation": "off [fixed]",
                "tx_ipxip6_segmentation": "off [fixed]",
                "tx_lockless": "on [fixed]",
                "tx_nocache_copy": "off [fixed]",
                "tx_scatter_gather": "on [fixed]",
                "tx_scatter_gather_fraglist": "on [fixed]",
                "tx_sctp_segmentation": "on",
                "tx_tcp6_segmentation": "on",
                "tx_tcp_ecn_segmentation": "on",
                "tx_tcp_mangleid_segmentation": "on",
                "tx_tcp_segmentation": "on",
                "tx_udp_tnl_csum_segmentation": "off [fixed]",
                "tx_udp_tnl_segmentation": "off [fixed]",
                "tx_vlan_offload": "off [fixed]",
                "tx_vlan_stag_hw_insert": "off [fixed]",
                "udp_fragmentation_offload": "off",
                "vlan_challenged": "on [fixed]"
            },
            "hw_timestamp_filters": [],
            "ipv4": {
                "address": "127.0.0.1",
                "broadcast": "host",
                "netmask": "255.0.0.0",
                "network": "127.0.0.0"
            },
            "ipv6": [
                {
                    "address": "::1",
                    "prefix": "128",
                    "scope": "host"
                }
            ],
            "mtu": 65536,
            "promisc": false,
            "timestamping": [
                "tx_software",
                "rx_software",
                "software"
            ],
            "type": "loopback"
        },
        "ansible_local": {},
        "ansible_lsb": {},
        "ansible_machine": "x86_64",
        "ansible_machine_id": "ec2eb2a972ed3b680c44e709588d1e20",
        "ansible_memfree_mb": 520,
        "ansible_memory_mb": {
            "nocache": {
                "free": 885,
                "used": 98
            },
            "real": {
                "free": 520,
                "total": 983,
                "used": 463
            },
            "swap": {
                "cached": 0,
                "free": 0,
                "total": 0,
                "used": 0
            }
        },
        "ansible_memtotal_mb": 983,
        "ansible_mounts": [
            {
                "block_available": 1762843,
                "block_size": 4096,
                "block_total": 2094075,
                "block_used": 331232,
                "device": "/dev/xvda1",
                "fstype": "xfs",
                "inode_available": 4152343,
                "inode_total": 4193216,
                "inode_used": 40873,
                "mount": "/",
                "options": "rw,noatime,attr2,inode64,noquota",
                "size_available": 7220604928,
                "size_total": 8577331200,
                "uuid": "55da5202-8008-43e8-8ade-2572319d9185"
            }
        ],
        "ansible_nodename": "ip-10-5-1-96.eu-west-1.compute.internal",
        "ansible_os_family": "RedHat",
        "ansible_pkg_mgr": "yum",
        "ansible_proc_cmdline": {
            "BOOT_IMAGE": "/boot/vmlinuz-4.14.173-137.229.amzn2.x86_64",
            "biosdevname": "0",
            "console": [
                "tty0",
                "ttyS0,115200n8"
            ],
            "net.ifnames": "0",
            "nvme_core.io_timeout": "4294967295",
            "rd.emergency": "poweroff",
            "rd.shell": "0",
            "ro": true,
            "root": "UUID=55da5202-8008-43e8-8ade-2572319d9185"
        },
        "ansible_processor": [
            "0",
            "GenuineIntel",
            "Intel(R) Xeon(R) CPU E5-2676 v3 @ 2.40GHz"
        ],
        "ansible_processor_cores": 1,
        "ansible_processor_count": 1,
        "ansible_processor_threads_per_core": 1,
        "ansible_processor_vcpus": 1,
        "ansible_product_name": "HVM domU",
        "ansible_product_serial": "NA",
        "ansible_product_uuid": "NA",
        "ansible_product_version": "4.2.amazon",
        "ansible_python": {
            "executable": "/usr/bin/python",
            "has_sslcontext": true,
            "type": "CPython",
            "version": {
                "major": 2,
                "micro": 16,
                "minor": 7,
                "releaselevel": "final",
                "serial": 0
            },
            "version_info": [
                2,
                7,
                16,
                "final",
                0
            ]
        },
        "ansible_python_version": "2.7.16",
        "ansible_real_group_id": 1000,
        "ansible_real_user_id": 1000,
        "ansible_selinux": {
            "status": "Missing selinux Python library"
        },
        "ansible_selinux_python_present": false,
        "ansible_service_mgr": "systemd",
        "ansible_ssh_host_key_ecdsa_public": "AAAAE2VjZHNhLXNoYTItbmlzdHAyNTYAAAAIbmlzdHAyNTYAAABBBCYwea/9MBK1a4zWwV8q4DteuhuxgAWXbiIdUDPotVlh+A6pDQPCx3+WmQU0ST01LXsA4qbL5NPdjXJ5QLg0bKA=",
        "ansible_ssh_host_key_ed25519_public": "AAAAC3NzaC1lZDI1NTE5AAAAIFrFisXsVZ31WjtNdQqGsFSIt1ZBWfHSUXZIjhkgqa0u",
        "ansible_ssh_host_key_rsa_public": "AAAAB3NzaC1yc2EAAAADAQABAAABAQDlznMZUaAq0+VWWZfuiNdGKpRIpVqfofk8r+abJXq4TqOGsISN3Pyo17mRy1SDUEB50l0+0k4G6BczC8+qzvVZ6TxiVwN0xLDCxfgm3NMSxZoI8ZJZNQtAKmSFilPxSw3+2Ao9XrDmzHh2m1LwttH690ux2oUu8BLzNOjdvxqhqIcm0L1eYCJ2hx+EJ442KtHVEXfOV2s9/HK/fmIw+dywJnyev+A/bqSIawn2ma+t06sniFcKIuLtxWZG76nN/7vIBm/MhFU3CgI62iGNjOS+jlENJO58sYIihH2+6AinyHuTh0Prb6gOWIyX7ll7kjETncGFZIYcw9q95vz4KY0X",
        "ansible_swapfree_mb": 0,
        "ansible_swaptotal_mb": 0,
        "ansible_system": "Linux",
        "ansible_system_capabilities": [
            ""
        ],
        "ansible_system_capabilities_enforced": "True",
        "ansible_system_vendor": "Xen",
        "ansible_uptime_seconds": 193,
        "ansible_user_dir": "/home/ec2-user",
        "ansible_user_gecos": "EC2 Default User",
        "ansible_user_gid": 1000,
        "ansible_user_id": "ec2-user",
        "ansible_user_shell": "/bin/bash",
        "ansible_user_uid": 1000,
        "ansible_userspace_architecture": "x86_64",
        "ansible_userspace_bits": "64",
        "ansible_virtualization_role": "guest",
        "ansible_virtualization_type": "xen",
        "discovered_interpreter_python": "/usr/bin/python",
        "gather_subset": [
            "all"
        ],
        "module_setup": true
    },
    "changed": false
}
ec2-34-245-17-195.eu-west-1.compute.amazonaws.com | SUCCESS => {
    "ansible_facts": {
        "ansible_all_ipv4_addresses": [
            "10.5.0.102"
        ],
        "ansible_all_ipv6_addresses": [
            "fe80::e:b8ff:fe10:672c"
        ],
        "ansible_apparmor": {
            "status": "disabled"
        },
        "ansible_architecture": "x86_64",
        "ansible_bios_date": "08/24/2006",
        "ansible_bios_version": "4.2.amazon",
        "ansible_cmdline": {
            "BOOT_IMAGE": "/boot/vmlinuz-4.14.173-137.229.amzn2.x86_64",
            "biosdevname": "0",
            "console": "ttyS0,115200n8",
            "net.ifnames": "0",
            "nvme_core.io_timeout": "4294967295",
            "rd.emergency": "poweroff",
            "rd.shell": "0",
            "ro": true,
            "root": "UUID=55da5202-8008-43e8-8ade-2572319d9185"
        },
        "ansible_date_time": {
            "date": "2020-05-25",
            "day": "25",
            "epoch": "1590389221",
            "hour": "06",
            "iso8601": "2020-05-25T06:47:01Z",
            "iso8601_basic": "20200525T064701272283",
            "iso8601_basic_short": "20200525T064701",
            "iso8601_micro": "2020-05-25T06:47:01.272365Z",
            "minute": "47",
            "month": "05",
            "second": "01",
            "time": "06:47:01",
            "tz": "UTC",
            "tz_offset": "+0000",
            "weekday": "Monday",
            "weekday_number": "1",
            "weeknumber": "21",
            "year": "2020"
        },
        "ansible_default_ipv4": {
            "address": "10.5.0.102",
            "alias": "eth0",
            "broadcast": "10.5.0.255",
            "gateway": "10.5.0.1",
            "interface": "eth0",
            "macaddress": "02:0e:b8:10:67:2c",
            "mtu": 9001,
            "netmask": "255.255.255.0",
            "network": "10.5.0.0",
            "type": "ether"
        },
        "ansible_default_ipv6": {},
        "ansible_device_links": {
            "ids": {},
            "labels": {
                "xvda1": [
                    "\\x2f"
                ]
            },
            "masters": {},
            "uuids": {
                "xvda1": [
                    "55da5202-8008-43e8-8ade-2572319d9185"
                ]
            }
        },
        "ansible_devices": {
            "xvda": {
                "holders": [],
                "host": "",
                "links": {
                    "ids": [],
                    "labels": [],
                    "masters": [],
                    "uuids": []
                },
                "model": null,
                "partitions": {
                    "xvda1": {
                        "holders": [],
                        "links": {
                            "ids": [],
                            "labels": [
                                "\\x2f"
                            ],
                            "masters": [],
                            "uuids": [
                                "55da5202-8008-43e8-8ade-2572319d9185"
                            ]
                        },
                        "sectors": "16773087",
                        "sectorsize": 512,
                        "size": "8.00 GB",
                        "start": "4096",
                        "uuid": "55da5202-8008-43e8-8ade-2572319d9185"
                    }
                },
                "removable": "0",
                "rotational": "0",
                "sas_address": null,
                "sas_device_handle": null,
                "scheduler_mode": "noop",
                "sectors": "16777216",
                "sectorsize": "512",
                "size": "8.00 GB",
                "support_discard": "0",
                "vendor": null,
                "virtual": 1
            }
        },
        "ansible_distribution": "Amazon",
        "ansible_distribution_file_parsed": true,
        "ansible_distribution_file_path": "/etc/system-release",
        "ansible_distribution_file_variety": "Amazon",
        "ansible_distribution_major_version": "2",
        "ansible_distribution_release": "NA",
        "ansible_distribution_version": "2",
        "ansible_dns": {
            "nameservers": [
                "10.5.0.2"
            ],
            "options": {
                "attempts": "5",
                "timeout": "2"
            },
            "search": [
                "eu-west-1.compute.internal"
            ]
        },
        "ansible_domain": "eu-west-1.compute.internal",
        "ansible_effective_group_id": 1000,
        "ansible_effective_user_id": 1000,
        "ansible_env": {
            "HOME": "/home/ec2-user",
            "LANG": "en_US.UTF-8",
            "LESSOPEN": "||/usr/bin/lesspipe.sh %s",
            "LOGNAME": "ec2-user",
            "MAIL": "/var/mail/ec2-user",
            "PATH": "/usr/local/bin:/usr/bin",
            "PWD": "/home/ec2-user",
            "SHELL": "/bin/bash",
            "SHLVL": "2",
            "SSH_CLIENT": "10.5.0.40 52220 22",
            "SSH_CONNECTION": "10.5.0.40 52220 10.5.0.102 22",
            "USER": "ec2-user",
            "XDG_RUNTIME_DIR": "/run/user/1000",
            "XDG_SESSION_ID": "1",
            "_": "/usr/bin/python"
        },
        "ansible_eth0": {
            "active": true,
            "device": "eth0",
            "features": {
                "esp_hw_offload": "off [fixed]",
                "esp_tx_csum_hw_offload": "off [fixed]",
                "fcoe_mtu": "off [fixed]",
                "generic_receive_offload": "on",
                "generic_segmentation_offload": "on",
                "highdma": "off [fixed]",
                "hw_tc_offload": "off [fixed]",
                "l2_fwd_offload": "off [fixed]",
                "large_receive_offload": "off [fixed]",
                "loopback": "off [fixed]",
                "netns_local": "off [fixed]",
                "ntuple_filters": "off [fixed]",
                "receive_hashing": "off [fixed]",
                "rx_all": "off [fixed]",
                "rx_checksumming": "on [fixed]",
                "rx_fcs": "off [fixed]",
                "rx_udp_tunnel_port_offload": "off [fixed]",
                "rx_vlan_filter": "off [fixed]",
                "rx_vlan_offload": "off [fixed]",
                "rx_vlan_stag_filter": "off [fixed]",
                "rx_vlan_stag_hw_parse": "off [fixed]",
                "scatter_gather": "on",
                "tcp_segmentation_offload": "on",
                "tx_checksum_fcoe_crc": "off [fixed]",
                "tx_checksum_ip_generic": "off [fixed]",
                "tx_checksum_ipv4": "on [fixed]",
                "tx_checksum_ipv6": "on",
                "tx_checksum_sctp": "off [fixed]",
                "tx_checksumming": "on",
                "tx_esp_segmentation": "off [fixed]",
                "tx_fcoe_segmentation": "off [fixed]",
                "tx_gre_csum_segmentation": "off [fixed]",
                "tx_gre_segmentation": "off [fixed]",
                "tx_gso_partial": "off [fixed]",
                "tx_gso_robust": "on [fixed]",
                "tx_ipxip4_segmentation": "off [fixed]",
                "tx_ipxip6_segmentation": "off [fixed]",
                "tx_lockless": "off [fixed]",
                "tx_nocache_copy": "off",
                "tx_scatter_gather": "on",
                "tx_scatter_gather_fraglist": "off [fixed]",
                "tx_sctp_segmentation": "off [fixed]",
                "tx_tcp6_segmentation": "on",
                "tx_tcp_ecn_segmentation": "off [fixed]",
                "tx_tcp_mangleid_segmentation": "off",
                "tx_tcp_segmentation": "on",
                "tx_udp_tnl_csum_segmentation": "off [fixed]",
                "tx_udp_tnl_segmentation": "off [fixed]",
                "tx_vlan_offload": "off [fixed]",
                "tx_vlan_stag_hw_insert": "off [fixed]",
                "udp_fragmentation_offload": "off",
                "vlan_challenged": "off [fixed]"
            },
            "hw_timestamp_filters": [],
            "ipv4": {
                "address": "10.5.0.102",
                "broadcast": "10.5.0.255",
                "netmask": "255.255.255.0",
                "network": "10.5.0.0"
            },
            "ipv6": [
                {
                    "address": "fe80::e:b8ff:fe10:672c",
                    "prefix": "64",
                    "scope": "link"
                }
            ],
            "macaddress": "02:0e:b8:10:67:2c",
            "module": "xen_netfront",
            "mtu": 9001,
            "pciid": "vif-0",
            "promisc": false,
            "timestamping": [
                "rx_software",
                "software"
            ],
            "type": "ether"
        },
        "ansible_fibre_channel_wwn": [],
        "ansible_fips": false,
        "ansible_form_factor": "Other",
        "ansible_fqdn": "ip-10-5-0-102.eu-west-1.compute.internal",
        "ansible_hostname": "ip-10-5-0-102",
        "ansible_hostnqn": "",
        "ansible_interfaces": [
            "lo",
            "eth0"
        ],
        "ansible_is_chroot": true,
        "ansible_iscsi_iqn": "",
        "ansible_kernel": "4.14.173-137.229.amzn2.x86_64",
        "ansible_lo": {
            "active": true,
            "device": "lo",
            "features": {
                "esp_hw_offload": "off [fixed]",
                "esp_tx_csum_hw_offload": "off [fixed]",
                "fcoe_mtu": "off [fixed]",
                "generic_receive_offload": "on",
                "generic_segmentation_offload": "on",
                "highdma": "on [fixed]",
                "hw_tc_offload": "off [fixed]",
                "l2_fwd_offload": "off [fixed]",
                "large_receive_offload": "off [fixed]",
                "loopback": "on [fixed]",
                "netns_local": "on [fixed]",
                "ntuple_filters": "off [fixed]",
                "receive_hashing": "off [fixed]",
                "rx_all": "off [fixed]",
                "rx_checksumming": "on [fixed]",
                "rx_fcs": "off [fixed]",
                "rx_udp_tunnel_port_offload": "off [fixed]",
                "rx_vlan_filter": "off [fixed]",
                "rx_vlan_offload": "off [fixed]",
                "rx_vlan_stag_filter": "off [fixed]",
                "rx_vlan_stag_hw_parse": "off [fixed]",
                "scatter_gather": "on",
                "tcp_segmentation_offload": "on",
                "tx_checksum_fcoe_crc": "off [fixed]",
                "tx_checksum_ip_generic": "on [fixed]",
                "tx_checksum_ipv4": "off [fixed]",
                "tx_checksum_ipv6": "off [fixed]",
                "tx_checksum_sctp": "on [fixed]",
                "tx_checksumming": "on",
                "tx_esp_segmentation": "off [fixed]",
                "tx_fcoe_segmentation": "off [fixed]",
                "tx_gre_csum_segmentation": "off [fixed]",
                "tx_gre_segmentation": "off [fixed]",
                "tx_gso_partial": "off [fixed]",
                "tx_gso_robust": "off [fixed]",
                "tx_ipxip4_segmentation": "off [fixed]",
                "tx_ipxip6_segmentation": "off [fixed]",
                "tx_lockless": "on [fixed]",
                "tx_nocache_copy": "off [fixed]",
                "tx_scatter_gather": "on [fixed]",
                "tx_scatter_gather_fraglist": "on [fixed]",
                "tx_sctp_segmentation": "on",
                "tx_tcp6_segmentation": "on",
                "tx_tcp_ecn_segmentation": "on",
                "tx_tcp_mangleid_segmentation": "on",
                "tx_tcp_segmentation": "on",
                "tx_udp_tnl_csum_segmentation": "off [fixed]",
                "tx_udp_tnl_segmentation": "off [fixed]",
                "tx_vlan_offload": "off [fixed]",
                "tx_vlan_stag_hw_insert": "off [fixed]",
                "udp_fragmentation_offload": "off",
                "vlan_challenged": "on [fixed]"
            },
            "hw_timestamp_filters": [],
            "ipv4": {
                "address": "127.0.0.1",
                "broadcast": "host",
                "netmask": "255.0.0.0",
                "network": "127.0.0.0"
            },
            "ipv6": [
                {
                    "address": "::1",
                    "prefix": "128",
                    "scope": "host"
                }
            ],
            "mtu": 65536,
            "promisc": false,
            "timestamping": [
                "tx_software",
                "rx_software",
                "software"
            ],
            "type": "loopback"
        },
        "ansible_local": {},
        "ansible_lsb": {},
        "ansible_machine": "x86_64",
        "ansible_machine_id": "ec2eb2a972ed3b680c44e709588d1e20",
        "ansible_memfree_mb": 518,
        "ansible_memory_mb": {
            "nocache": {
                "free": 883,
                "used": 100
            },
            "real": {
                "free": 518,
                "total": 983,
                "used": 465
            },
            "swap": {
                "cached": 0,
                "free": 0,
                "total": 0,
                "used": 0
            }
        },
        "ansible_memtotal_mb": 983,
        "ansible_mounts": [
            {
                "block_available": 1762822,
                "block_size": 4096,
                "block_total": 2094075,
                "block_used": 331253,
                "device": "/dev/xvda1",
                "fstype": "xfs",
                "inode_available": 4152343,
                "inode_total": 4193216,
                "inode_used": 40873,
                "mount": "/",
                "options": "rw,noatime,attr2,inode64,noquota",
                "size_available": 7220518912,
                "size_total": 8577331200,
                "uuid": "55da5202-8008-43e8-8ade-2572319d9185"
            }
        ],
        "ansible_nodename": "ip-10-5-0-102.eu-west-1.compute.internal",
        "ansible_os_family": "RedHat",
        "ansible_pkg_mgr": "yum",
        "ansible_proc_cmdline": {
            "BOOT_IMAGE": "/boot/vmlinuz-4.14.173-137.229.amzn2.x86_64",
            "biosdevname": "0",
            "console": [
                "tty0",
                "ttyS0,115200n8"
            ],
            "net.ifnames": "0",
            "nvme_core.io_timeout": "4294967295",
            "rd.emergency": "poweroff",
            "rd.shell": "0",
            "ro": true,
            "root": "UUID=55da5202-8008-43e8-8ade-2572319d9185"
        },
        "ansible_processor": [
            "0",
            "GenuineIntel",
            "Intel(R) Xeon(R) CPU E5-2676 v3 @ 2.40GHz"
        ],
        "ansible_processor_cores": 1,
        "ansible_processor_count": 1,
        "ansible_processor_threads_per_core": 1,
        "ansible_processor_vcpus": 1,
        "ansible_product_name": "HVM domU",
        "ansible_product_serial": "NA",
        "ansible_product_uuid": "NA",
        "ansible_product_version": "4.2.amazon",
        "ansible_python": {
            "executable": "/usr/bin/python",
            "has_sslcontext": true,
            "type": "CPython",
            "version": {
                "major": 2,
                "micro": 16,
                "minor": 7,
                "releaselevel": "final",
                "serial": 0
            },
            "version_info": [
                2,
                7,
                16,
                "final",
                0
            ]
        },
        "ansible_python_version": "2.7.16",
        "ansible_real_group_id": 1000,
        "ansible_real_user_id": 1000,
        "ansible_selinux": {
            "status": "Missing selinux Python library"
        },
        "ansible_selinux_python_present": false,
        "ansible_service_mgr": "systemd",
        "ansible_ssh_host_key_ecdsa_public": "AAAAE2VjZHNhLXNoYTItbmlzdHAyNTYAAAAIbmlzdHAyNTYAAABBBKS6VG+7MB2hG9Eu9nsYBR94HEfvTLzkJQgpov/Gky3E7qg164MJK5F0L10iW3bIf+4cGlo8EjeNkXxVULKpUjk=",
        "ansible_ssh_host_key_ed25519_public": "AAAAC3NzaC1lZDI1NTE5AAAAICBXiEiRRZMGeKGhL/q+IOmXWJnRwmiEYkG5C1s1b+B7",
        "ansible_ssh_host_key_rsa_public": "AAAAB3NzaC1yc2EAAAADAQABAAABAQCy/Kzr5lLY5PeDmdw5ejxUjZh0g9JXkEvDBdaPtlu7ZcJHoymsffI+eQt2cGFVe6fTvHqKgB9Lcvz0QThJe9d5BjihkIDCvNjwYR83ihKy9+n63A3q+3nOopjd94CWoaLxm6Iz9C5XefqSsMQJvWuaD8T9XEuydEQrcMEehag3I7Q+8a90Y3hx0OH9OvcaErGuSXg/zwxUimQy2+SFKDVyQM9kHTSmN5HNN/zCi6JTA+J1INz+DOPXNEkIZSl3nrdmXPhU8+xXQErS8Sk7lce7qi1NJeBkhXHR0D3uVsGS8HozZkkHNbWceaAejdeyiQy9ZzMwUassw0RBd9kZm057",
        "ansible_swapfree_mb": 0,
        "ansible_swaptotal_mb": 0,
        "ansible_system": "Linux",
        "ansible_system_capabilities": [
            ""
        ],
        "ansible_system_capabilities_enforced": "True",
        "ansible_system_vendor": "Xen",
        "ansible_uptime_seconds": 188,
        "ansible_user_dir": "/home/ec2-user",
        "ansible_user_gecos": "EC2 Default User",
        "ansible_user_gid": 1000,
        "ansible_user_id": "ec2-user",
        "ansible_user_shell": "/bin/bash",
        "ansible_user_uid": 1000,
        "ansible_userspace_architecture": "x86_64",
        "ansible_userspace_bits": "64",
        "ansible_virtualization_role": "guest",
        "ansible_virtualization_type": "xen",
        "discovered_interpreter_python": "/usr/bin/python",
        "gather_subset": [
            "all"
        ],
        "module_setup": true
    },
    "changed": false
}
